<?xml version="1.0" encoding="UTF-8"?>
<!-- Generated by org.testng.reporters.JUnitReportReporter -->
<testsuite hostname="LAPTOP-736EDNM6" failures="0" tests="2" name="com.Selenium.qa.testcases.StrainsListTest" time="31.369" errors="0" timestamp="2025-07-06T12:40:17 GMT-04:00" skipped="0">
  <testcase classname="com.Selenium.qa.testcases.StrainsListTest" name="testEditStrain" time="16.319"/>
  <testcase classname="com.Selenium.qa.testcases.StrainsListTest" name="TestDeleteStrain" time="15.050"/>
</testsuite> <!-- com.Selenium.qa.testcases.StrainsListTest -->
