<?xml version="1.0" encoding="UTF-8"?>
<!-- Generated by org.testng.reporters.JUnitReportReporter -->
<testsuite hostname="LAPTOP-736EDNM6" failures="0" tests="4" name="com.Selenium.qa.testcases.CreateNewStrainTest" time="58.720" errors="0" timestamp="2025-07-06T12:40:17 GMT-04:00" skipped="0">
  <testcase classname="com.Selenium.qa.testcases.CreateNewStrainTest" name="testCreateANewStrain" time="14.589"/>
  <testcase classname="com.Selenium.qa.testcases.CreateNewStrainTest" name="testCreateANewStrain" time="16.025"/>
  <testcase classname="com.Selenium.qa.testcases.CreateNewStrainTest" name="testCreateANewStrain" time="13.753"/>
  <testcase classname="com.Selenium.qa.testcases.CreateNewStrainTest" name="NegativetestCreateANewStrain" time="14.353"/>
</testsuite> <!-- com.Selenium.qa.testcases.CreateNewStrainTest -->
