<?xml version="1.0" encoding="UTF-8"?>
<!-- Generated by org.testng.reporters.JUnitReportReporter -->
<testsuite hostname="LAPTOP-736EDNM6" failures="0" tests="1" name="com.Selenium.qa.testcases.LoginPageTest" time="4.894" errors="0" timestamp="2025-07-06T12:40:17 GMT-04:00" skipped="0">
  <testcase classname="com.Selenium.qa.testcases.LoginPageTest" name="LoginPagetest" time="4.894"/>
</testsuite> <!-- com.Selenium.qa.testcases.LoginPageTest -->
